-------------------------------------------------------------------------------
Test set: dao.InventoryDaoTest
-------------------------------------------------------------------------------
<<<<<<< Updated upstream
Tests run: 1, Failures: 0, Errors: 0, Skipped: 0, Time elapsed: 0.147 s - in dao.InventoryDaoTest
=======
<<<<<<< Updated upstream
Tests run: 1, Failures: 0, Errors: 0, Skipped: 0, Time elapsed: 0.123 s - in dao.InventoryDaoTest
=======
Tests run: 1, Failures: 0, Errors: 0, Skipped: 0, Time elapsed: 0.113 s - in dao.InventoryDaoTest
>>>>>>> Stashed changes
>>>>>>> Stashed changes
